TN:
SF:lib/Constants.js
FNF:0
FNH:0
DA:1,1
DA:2,1
DA:4,1
DA:10,1
DA:11,1
DA:13,0
DA:17,1
DA:19,1
DA:24,1
DA:25,1
DA:27,1
LF:11
LH:10
BRDA:1,0,0,1
BRDA:1,0,1,0
BRDA:10,1,0,1
BRDA:10,1,1,0
BRF:4
BRH:2
end_of_record
TN:
SF:lib/KeyManager.js
FN:12,(anonymous_0)
FN:27,(anonymous_1)
FN:37,(anonymous_2)
FN:60,(anonymous_3)
FN:64,(anonymous_4)
FN:77,(anonymous_5)
FN:81,(anonymous_6)
FN:85,(anonymous_7)
FN:90,(anonymous_8)
FN:96,(anonymous_9)
FN:124,(anonymous_10)
FN:128,(anonymous_11)
FN:135,(anonymous_12)
FN:162,(anonymous_13)
FN:169,(anonymous_14)
FN:176,(anonymous_15)
FN:182,(anonymous_16)
FN:200,(anonymous_17)
FN:209,(anonymous_18)
FNF:19
FNH:13
FNDA:17,(anonymous_0)
FNDA:14,(anonymous_1)
FNDA:0,(anonymous_2)
FNDA:0,(anonymous_3)
FNDA:0,(anonymous_4)
FNDA:14,(anonymous_5)
FNDA:14,(anonymous_6)
FNDA:0,(anonymous_7)
FNDA:14,(anonymous_8)
FNDA:0,(anonymous_9)
FNDA:73,(anonymous_10)
FNDA:0,(anonymous_11)
FNDA:37,(anonymous_12)
FNDA:50,(anonymous_13)
FNDA:70,(anonymous_14)
FNDA:2,(anonymous_15)
FNDA:2,(anonymous_16)
FNDA:2,(anonymous_17)
FNDA:2,(anonymous_18)
DA:8,1
DA:14,17
DA:15,17
DA:17,17
DA:19,17
DA:20,17
DA:22,17
DA:23,17
DA:24,17
DA:28,14
DA:29,14
DA:32,14
DA:34,14
DA:39,0
DA:40,0
DA:41,0
DA:43,0
DA:44,0
DA:47,0
DA:49,0
DA:52,0
DA:55,0
DA:57,0
DA:61,0
DA:65,0
DA:66,0
DA:67,0
DA:68,0
DA:69,0
DA:71,0
DA:78,14
DA:79,14
DA:82,14
DA:83,14
DA:86,0
DA:87,0
DA:91,14
DA:92,0
DA:98,0
DA:99,0
DA:100,0
DA:101,0
DA:102,0
DA:103,0
DA:104,0
DA:106,0
DA:110,0
DA:111,0
DA:113,0
DA:114,0
DA:116,0
DA:120,0
DA:125,73
DA:129,0
DA:130,0
DA:131,0
DA:137,37
DA:138,37
DA:139,0
DA:142,37
DA:143,37
DA:144,0
DA:146,0
DA:148,0
DA:150,37
DA:152,1
DA:153,36
DA:155,36
DA:157,0
DA:158,0
DA:163,50
DA:164,0
DA:166,50
DA:170,70
DA:171,0
DA:173,70
DA:177,2
DA:178,1
DA:186,2
DA:187,1
DA:190,1
DA:191,1
DA:192,1
DA:193,0
DA:196,1
DA:197,1
DA:203,2
DA:204,1
DA:205,1
DA:206,1
DA:210,2
DA:211,0
DA:213,2
LF:93
LH:46
BRDA:15,0,0,17
BRDA:15,0,1,17
BRDA:17,1,0,17
BRDA:17,1,1,0
BRDA:65,2,0,0
BRDA:65,2,1,0
BRDA:91,3,0,0
BRDA:91,3,1,14
BRDA:91,4,0,14
BRDA:91,4,1,0
BRDA:102,5,0,0
BRDA:102,5,1,0
BRDA:102,6,0,0
BRDA:102,6,1,0
BRDA:110,7,0,0
BRDA:110,7,1,0
BRDA:138,8,0,0
BRDA:138,8,1,37
BRDA:143,9,0,0
BRDA:143,9,1,37
BRDA:143,10,0,37
BRDA:143,10,1,0
BRDA:150,11,0,1
BRDA:150,11,1,36
BRDA:153,12,0,36
BRDA:153,12,1,0
BRDA:163,13,0,0
BRDA:163,13,1,50
BRDA:170,14,0,0
BRDA:170,14,1,70
BRDA:177,15,0,1
BRDA:177,15,1,1
BRDA:186,16,0,1
BRDA:186,16,1,1
BRDA:192,17,0,0
BRDA:192,17,1,1
BRDA:210,18,0,0
BRDA:210,18,1,2
BRF:38
BRH:19
end_of_record
TN:
SF:lib/Logger.js
FN:14,(anonymous_0)
FN:18,(anonymous_1)
FN:22,(anonymous_2)
FN:26,(anonymous_3)
FN:30,(anonymous_4)
FN:43,(anonymous_5)
FN:62,(anonymous_6)
FNF:7
FNH:5
FNDA:0,(anonymous_0)
FNDA:19,(anonymous_1)
FNDA:84,(anonymous_2)
FNDA:103,(anonymous_3)
FNDA:103,(anonymous_4)
FNDA:103,(anonymous_5)
FNDA:0,(anonymous_6)
DA:1,1
DA:8,1
DA:9,1
DA:12,1
DA:15,0
DA:19,19
DA:23,84
DA:27,103
DA:31,103
DA:32,103
DA:33,103
DA:34,103
DA:35,103
DA:36,103
DA:37,103
DA:38,103
DA:39,103
DA:40,103
DA:44,103
DA:45,103
DA:46,0
DA:48,0
DA:49,0
DA:51,0
DA:52,0
DA:54,0
DA:55,0
DA:58,103
DA:59,0
DA:63,0
DA:64,0
DA:65,0
LF:32
LH:20
BRDA:8,0,0,1
BRDA:8,0,1,0
BRDA:45,1,0,0
BRDA:45,1,1,103
BRDA:46,2,0,0
BRDA:46,2,1,0
BRDA:46,2,2,0
BRDA:58,3,0,0
BRDA:58,3,1,103
BRDA:63,4,0,0
BRDA:63,4,1,0
BRF:11
BRH:3
end_of_record
TN:
SF:lib/Messenger.js
FN:37,(anonymous_0)
FN:41,(anonymous_1)
FN:50,(anonymous_2)
FN:98,(anonymous_3)
FN:108,(anonymous_4)
FN:130,(anonymous_5)
FN:138,(anonymous_6)
FN:147,(anonymous_7)
FN:155,(anonymous_8)
FN:159,(anonymous_9)
FN:201,(anonymous_10)
FN:229,(anonymous_11)
FN:233,(anonymous_12)
FN:238,(anonymous_13)
FN:243,(anonymous_14)
FN:250,(anonymous_15)
FN:252,(anonymous_16)
FN:260,(anonymous_17)
FN:269,(anonymous_18)
FN:286,(anonymous_19)
FN:292,(anonymous_20)
FN:297,(anonymous_21)
FN:302,(anonymous_22)
FN:310,(anonymous_23)
FN:320,(anonymous_24)
FN:357,(anonymous_25)
FN:372,(anonymous_26)
FN:378,(anonymous_27)
FN:383,(anonymous_28)
FN:388,(anonymous_29)
FN:441,(anonymous_30)
FN:445,(anonymous_31)
FN:466,(anonymous_32)
FN:475,(anonymous_33)
FN:499,(anonymous_34)
FN:503,(anonymous_35)
FN:508,(anonymous_36)
FN:516,(anonymous_37)
FN:535,(anonymous_38)
FN:542,(anonymous_39)
FN:565,(anonymous_40)
FN:566,(anonymous_41)
FN:567,(anonymous_42)
FN:573,(anonymous_43)
FN:577,(anonymous_44)
FN:582,(anonymous_45)
FN:585,(anonymous_46)
FN:591,(anonymous_47)
FN:600,(anonymous_48)
FN:606,(anonymous_49)
FN:616,(anonymous_50)
FN:622,(anonymous_51)
FN:624,(anonymous_52)
FN:636,(anonymous_53)
FN:648,(anonymous_54)
FN:655,(anonymous_55)
FN:659,(anonymous_56)
FN:667,(anonymous_57)
FN:675,(anonymous_58)
FN:685,(anonymous_59)
FN:694,(anonymous_60)
FN:702,(anonymous_61)
FN:715,(anonymous_62)
FN:721,(anonymous_63)
FN:732,(anonymous_64)
FN:741,(anonymous_65)
FN:748,(anonymous_66)
FN:752,(anonymous_67)
FN:777,(anonymous_68)
FN:787,(anonymous_69)
FN:806,(anonymous_70)
FN:812,(anonymous_71)
FN:831,(anonymous_72)
FN:858,(anonymous_73)
FN:865,(anonymous_74)
FN:888,(anonymous_75)
FN:892,(anonymous_76)
FN:896,(anonymous_77)
FN:919,(anonymous_78)
FN:936,(anonymous_79)
FN:944,(anonymous_80)
FN:947,(anonymous_81)
FN:963,(anonymous_82)
FN:1012,(anonymous_83)
FN:1020,(anonymous_84)
FN:1032,(anonymous_85)
FN:1036,(anonymous_86)
FN:1046,(anonymous_87)
FN:1056,(anonymous_88)
FN:1066,(anonymous_89)
FN:1067,(anonymous_90)
FN:1074,(anonymous_91)
FN:1075,(anonymous_92)
FN:1081,(anonymous_93)
FN:1085,(anonymous_94)
FN:1111,(anonymous_95)
FN:1120,(anonymous_96)
FN:1125,(anonymous_97)
FNF:98
FNH:67
FNDA:0,(anonymous_0)
FNDA:0,(anonymous_1)
FNDA:15,(anonymous_2)
FNDA:8,(anonymous_3)
FNDA:1,(anonymous_4)
FNDA:1,(anonymous_5)
FNDA:0,(anonymous_6)
FNDA:1,(anonymous_7)
FNDA:3,(anonymous_8)
FNDA:0,(anonymous_9)
FNDA:3,(anonymous_10)
FNDA:0,(anonymous_11)
FNDA:15,(anonymous_12)
FNDA:0,(anonymous_13)
FNDA:15,(anonymous_14)
FNDA:0,(anonymous_15)
FNDA:0,(anonymous_16)
FNDA:15,(anonymous_17)
FNDA:15,(anonymous_18)
FNDA:0,(anonymous_19)
FNDA:0,(anonymous_20)
FNDA:0,(anonymous_21)
FNDA:0,(anonymous_22)
FNDA:2,(anonymous_23)
FNDA:2,(anonymous_24)
FNDA:0,(anonymous_25)
FNDA:21,(anonymous_26)
FNDA:13,(anonymous_27)
FNDA:7,(anonymous_28)
FNDA:1,(anonymous_29)
FNDA:3,(anonymous_30)
FNDA:3,(anonymous_31)
FNDA:0,(anonymous_32)
FNDA:0,(anonymous_33)
FNDA:18,(anonymous_34)
FNDA:0,(anonymous_35)
FNDA:0,(anonymous_36)
FNDA:1,(anonymous_37)
FNDA:34,(anonymous_38)
FNDA:7,(anonymous_39)
FNDA:17,(anonymous_40)
FNDA:17,(anonymous_41)
FNDA:17,(anonymous_42)
FNDA:0,(anonymous_43)
FNDA:18,(anonymous_44)
FNDA:1,(anonymous_45)
FNDA:1,(anonymous_46)
FNDA:1,(anonymous_47)
FNDA:0,(anonymous_48)
FNDA:0,(anonymous_49)
FNDA:7,(anonymous_50)
FNDA:18,(anonymous_51)
FNDA:18,(anonymous_52)
FNDA:0,(anonymous_53)
FNDA:0,(anonymous_54)
FNDA:0,(anonymous_55)
FNDA:0,(anonymous_56)
FNDA:1,(anonymous_57)
FNDA:0,(anonymous_58)
FNDA:0,(anonymous_59)
FNDA:0,(anonymous_60)
FNDA:0,(anonymous_61)
FNDA:0,(anonymous_62)
FNDA:7,(anonymous_63)
FNDA:15,(anonymous_64)
FNDA:18,(anonymous_65)
FNDA:3,(anonymous_66)
FNDA:0,(anonymous_67)
FNDA:13,(anonymous_68)
FNDA:7,(anonymous_69)
FNDA:4,(anonymous_70)
FNDA:21,(anonymous_71)
FNDA:12,(anonymous_72)
FNDA:4,(anonymous_73)
FNDA:8,(anonymous_74)
FNDA:60,(anonymous_75)
FNDA:43,(anonymous_76)
FNDA:50,(anonymous_77)
FNDA:16,(anonymous_78)
FNDA:8,(anonymous_79)
FNDA:0,(anonymous_80)
FNDA:1,(anonymous_81)
FNDA:87,(anonymous_82)
FNDA:44,(anonymous_83)
FNDA:1,(anonymous_84)
FNDA:1,(anonymous_85)
FNDA:35,(anonymous_86)
FNDA:8,(anonymous_87)
FNDA:2,(anonymous_88)
FNDA:11,(anonymous_89)
FNDA:11,(anonymous_90)
FNDA:31,(anonymous_91)
FNDA:31,(anonymous_92)
FNDA:16,(anonymous_93)
FNDA:18,(anonymous_94)
FNDA:6,(anonymous_95)
FNDA:3,(anonymous_96)
FNDA:5,(anonymous_97)
DA:1,1
DA:2,1
DA:11,1
DA:12,1
DA:13,1
DA:15,1
DA:16,1
DA:17,1
DA:19,1
DA:20,1
DA:21,1
DA:36,1
DA:38,0
DA:39,0
DA:42,0
DA:43,0
DA:45,0
DA:46,0
DA:51,15
DA:52,15
DA:54,15
DA:55,15
DA:56,15
DA:59,15
DA:60,15
DA:61,15
DA:62,15
DA:63,15
DA:64,15
DA:65,15
DA:66,15
DA:67,15
DA:69,15
DA:70,15
DA:73,15
DA:74,15
DA:75,15
DA:77,15
DA:78,15
DA:79,15
DA:81,15
DA:83,15
DA:85,15
DA:86,15
DA:87,15
DA:88,15
DA:90,15
DA:91,15
DA:92,15
DA:94,15
DA:95,15
DA:99,8
DA:100,8
DA:101,1
DA:102,1
DA:103,1
DA:105,8
DA:110,1
DA:111,1
DA:112,1
DA:113,1
DA:114,1
DA:115,0
DA:116,0
DA:118,1
DA:119,0
DA:123,1
DA:125,1
DA:126,1
DA:131,1
DA:132,1
DA:133,1
DA:134,0
DA:135,0
DA:139,0
DA:140,0
DA:141,0
DA:143,0
DA:149,1
DA:150,1
DA:151,1
DA:160,0
DA:162,0
DA:163,0
DA:165,0
DA:166,0
DA:167,0
DA:169,0
DA:172,0
DA:175,0
DA:176,0
DA:177,0
DA:182,0
DA:183,0
DA:184,0
DA:185,0
DA:186,0
DA:187,0
DA:188,0
DA:189,0
DA:190,0
DA:191,0
DA:192,0
DA:194,0
DA:195,0
DA:202,3
DA:204,3
DA:205,3
DA:208,3
DA:209,3
DA:210,0
DA:212,3
DA:215,3
DA:217,3
DA:218,1
DA:219,1
DA:220,0
DA:221,0
DA:224,0
DA:230,0
DA:235,15
DA:237,0
DA:238,0
DA:239,0
DA:244,15
DA:245,15
DA:246,15
DA:247,15
DA:251,0
DA:252,0
DA:253,0
DA:256,0
DA:261,15
DA:262,15
DA:263,15
DA:265,0
DA:270,15
DA:272,0
DA:274,0
DA:275,0
DA:276,0
DA:277,0
DA:280,0
DA:281,0
DA:283,0
DA:287,0
DA:288,0
DA:293,0
DA:298,0
DA:303,0
DA:305,0
DA:311,2
DA:312,2
DA:313,2
DA:315,0
DA:321,2
DA:323,2
DA:324,2
DA:325,1
DA:326,1
DA:329,1
DA:330,0
DA:331,0
DA:336,1
DA:337,1
DA:338,0
DA:342,0
DA:346,1
DA:347,0
DA:348,0
DA:350,1
DA:353,0
DA:358,0
DA:359,0
DA:361,0
DA:362,0
DA:363,0
DA:365,0
DA:366,0
DA:369,0
DA:373,21
DA:374,21
DA:375,21
DA:379,13
DA:380,13
DA:384,7
DA:385,7
DA:391,1
DA:392,1
DA:393,1
DA:395,1
DA:396,1
DA:397,1
DA:398,1
DA:399,1
DA:404,0
DA:405,0
DA:406,0
DA:407,0
DA:410,0
DA:412,0
DA:413,0
DA:414,0
DA:415,0
DA:416,0
DA:419,0
DA:420,0
DA:421,0
DA:423,0
DA:428,0
DA:432,0
DA:435,0
DA:438,0
DA:442,3
DA:447,3
DA:448,3
DA:449,2
DA:450,2
DA:453,3
DA:456,1
DA:458,2
DA:460,3
DA:463,3
DA:468,0
DA:469,0
DA:471,0
DA:476,0
DA:477,0
DA:478,0
DA:479,0
DA:480,0
DA:481,0
DA:482,0
DA:483,0
DA:484,0
DA:485,0
DA:487,0
DA:490,0
DA:493,0
DA:495,0
DA:500,18
DA:504,0
DA:505,0
DA:510,0
DA:511,0
DA:512,0
DA:513,0
DA:517,1
DA:518,1
DA:519,1
DA:520,2
DA:521,2
DA:522,2
DA:523,1
DA:525,2
DA:527,1
DA:528,1
DA:529,1
DA:530,1
DA:531,1
DA:536,34
DA:537,17
DA:539,34
DA:543,7
DA:545,7
DA:546,0
DA:547,0
DA:550,7
DA:552,7
DA:553,7
DA:554,7
DA:556,0
DA:557,0
DA:566,17
DA:567,17
DA:568,17
DA:574,0
DA:578,18
DA:579,18
DA:587,1
DA:588,1
DA:589,1
DA:591,1
DA:592,1
DA:593,1
DA:594,1
DA:597,1
DA:602,0
DA:603,0
DA:604,0
DA:606,0
DA:607,0
DA:608,0
DA:609,0
DA:613,0
DA:618,7
DA:623,18
DA:624,18
DA:625,18
DA:626,18
DA:628,0
DA:631,18
DA:632,0
DA:637,0
DA:639,0
DA:640,0
DA:641,0
DA:643,0
DA:650,0
DA:651,0
DA:656,0
DA:660,0
DA:661,0
DA:663,0
DA:668,1
DA:672,1
DA:676,0
DA:677,0
DA:679,0
DA:681,0
DA:684,0
DA:685,0
DA:686,0
DA:689,0
DA:690,0
DA:695,0
DA:696,0
DA:698,0
DA:699,0
DA:703,0
DA:704,0
DA:708,0
DA:709,0
DA:710,0
DA:713,0
DA:714,0
DA:715,0
DA:716,0
DA:717,0
DA:722,7
DA:723,0
DA:725,7
DA:727,0
DA:728,0
DA:733,15
DA:734,0
DA:736,15
DA:742,18
DA:743,18
DA:744,18
DA:745,18
DA:750,3
DA:751,3
DA:752,3
DA:753,0
DA:754,0
DA:755,0
DA:756,0
DA:757,0
DA:758,0
DA:763,0
DA:764,0
DA:765,0
DA:768,3
DA:769,0
DA:770,0
DA:772,0
DA:779,13
DA:780,13
DA:781,3
DA:782,3
DA:784,13
DA:789,7
DA:790,7
DA:791,0
DA:792,0
DA:795,7
DA:796,7
DA:797,0
DA:801,7
DA:807,4
DA:808,4
DA:809,4
DA:814,21
DA:815,3
DA:816,3
DA:817,1
DA:822,20
DA:823,20
DA:824,9
DA:825,6
DA:828,14
DA:833,12
DA:834,12
DA:835,10
DA:836,10
DA:840,12
DA:841,12
DA:844,12
DA:845,12
DA:846,1
DA:847,1
DA:848,1
DA:850,11
DA:851,9
DA:855,12
DA:860,4
DA:866,8
DA:867,8
DA:868,8
DA:869,8
DA:870,8
DA:871,8
DA:873,8
DA:874,8
DA:875,8
DA:877,8
DA:878,8
DA:879,8
DA:880,8
DA:881,8
DA:882,8
DA:883,8
DA:885,8
DA:889,60
DA:893,43
DA:898,50
DA:899,50
DA:900,44
DA:901,44
DA:902,44
DA:903,44
DA:904,1
DA:905,1
DA:906,43
DA:907,0
DA:908,0
DA:909,43
DA:910,15
DA:912,44
DA:913,16
DA:914,16
DA:920,16
DA:921,16
DA:922,16
DA:924,16
DA:925,16
DA:927,16
DA:928,16
DA:929,16
DA:932,0
DA:938,8
DA:941,0
DA:942,0
DA:944,0
DA:949,1
DA:950,1
DA:951,1
DA:952,3
DA:953,3
DA:954,2
DA:956,1
DA:959,1
DA:960,1
DA:964,87
DA:965,87
DA:967,30
DA:968,57
DA:970,13
DA:971,44
DA:973,2
DA:974,42
DA:975,1
DA:976,41
DA:978,3
DA:979,0
DA:981,3
DA:982,3
DA:983,3
DA:984,1
DA:985,1
DA:988,2
DA:989,8
DA:992,3
DA:993,3
DA:994,9
DA:996,3
DA:997,38
DA:998,38
DA:999,38
DA:1000,38
DA:1001,35
DA:1002,35
DA:1003,35
DA:1005,38
DA:1007,0
DA:1008,0
DA:1014,44
DA:1017,44
DA:1022,1
DA:1023,1
DA:1024,2
DA:1025,2
DA:1026,2
DA:1027,2
DA:1029,1
DA:1033,1
DA:1037,35
DA:1038,35
DA:1039,16
DA:1044,16
DA:1046,16
DA:1048,19
DA:1050,35
DA:1053,35
DA:1059,2
DA:1061,2
DA:1062,0
DA:1067,11
DA:1068,11
DA:1071,11
DA:1075,31
DA:1076,31
DA:1077,31
DA:1082,16
DA:1086,18
DA:1087,18
DA:1088,23
DA:1089,6
DA:1090,6
DA:1092,4
DA:1093,0
DA:1097,23
DA:1098,23
DA:1099,23
DA:1100,19
DA:1101,19
DA:1102,18
DA:1103,0
DA:1105,18
DA:1112,6
DA:1113,6
DA:1114,6
DA:1115,7
DA:1117,6
DA:1122,3
DA:1126,5
DA:1127,5
DA:1128,5
DA:1129,5
DA:1137,1
LF:551
LH:348
BRDA:42,0,0,0
BRDA:42,0,1,0
BRDA:56,1,0,15
BRDA:56,1,1,15
BRDA:73,2,0,15
BRDA:73,2,1,15
BRDA:100,3,0,1
BRDA:100,3,1,7
BRDA:118,4,0,0
BRDA:118,4,1,1
BRDA:123,5,0,1
BRDA:123,5,1,0
BRDA:166,6,0,0
BRDA:166,6,1,0
BRDA:176,7,0,0
BRDA:176,7,1,0
BRDA:184,8,0,0
BRDA:184,8,1,0
BRDA:184,9,0,0
BRDA:184,9,1,0
BRDA:209,10,0,0
BRDA:209,10,1,3
BRDA:219,11,0,0
BRDA:219,11,1,1
BRDA:235,12,0,15
BRDA:235,12,1,0
BRDA:244,13,0,0
BRDA:244,13,1,15
BRDA:251,14,0,0
BRDA:251,14,1,0
BRDA:270,15,0,15
BRDA:270,15,1,0
BRDA:274,16,0,0
BRDA:274,16,1,0
BRDA:324,17,0,1
BRDA:324,17,1,1
BRDA:329,18,0,0
BRDA:329,18,1,1
BRDA:337,19,0,0
BRDA:337,19,1,1
BRDA:346,20,0,0
BRDA:346,20,1,1
BRDA:397,21,0,1
BRDA:397,21,1,0
BRDA:404,22,0,0
BRDA:404,22,1,0
BRDA:413,23,0,0
BRDA:413,23,1,0
BRDA:420,24,0,0
BRDA:420,24,1,0
BRDA:448,25,0,2
BRDA:448,25,1,1
BRDA:453,26,0,1
BRDA:453,26,1,2
BRDA:469,27,0,0
BRDA:469,27,1,0
BRDA:477,28,0,0
BRDA:477,28,1,0
BRDA:482,29,0,0
BRDA:482,29,1,0
BRDA:522,30,0,1
BRDA:522,30,1,1
BRDA:536,31,0,17
BRDA:536,31,1,17
BRDA:542,32,0,7
BRDA:545,33,0,0
BRDA:545,33,1,7
BRDA:545,34,0,7
BRDA:545,34,1,7
BRDA:588,35,0,1
BRDA:588,35,1,0
BRDA:593,36,0,1
BRDA:593,36,1,0
BRDA:603,37,0,0
BRDA:603,37,1,0
BRDA:608,38,0,0
BRDA:608,38,1,0
BRDA:631,39,0,0
BRDA:631,39,1,18
BRDA:650,40,0,0
BRDA:650,40,1,0
BRDA:661,41,0,0
BRDA:661,41,1,0
BRDA:668,42,0,1
BRDA:668,42,1,0
BRDA:676,43,0,0
BRDA:676,43,1,0
BRDA:679,44,0,0
BRDA:679,44,1,0
BRDA:689,45,0,0
BRDA:689,45,1,0
BRDA:695,46,0,0
BRDA:695,46,1,0
BRDA:703,47,0,0
BRDA:703,47,1,0
BRDA:709,48,0,0
BRDA:709,48,1,0
BRDA:722,49,0,0
BRDA:722,49,1,7
BRDA:722,50,0,7
BRDA:722,50,1,5
BRDA:725,51,0,0
BRDA:725,51,1,7
BRDA:725,52,0,7
BRDA:725,52,1,2
BRDA:725,52,2,0
BRDA:742,53,0,18
BRDA:742,53,1,15
BRDA:745,54,0,18
BRDA:745,54,1,18
BRDA:756,55,0,0
BRDA:756,55,1,0
BRDA:764,56,0,0
BRDA:764,56,1,0
BRDA:780,57,0,3
BRDA:780,57,1,10
BRDA:790,58,0,0
BRDA:790,58,1,7
BRDA:796,59,0,0
BRDA:796,59,1,7
BRDA:814,60,0,3
BRDA:814,60,1,18
BRDA:816,61,0,1
BRDA:816,61,1,2
BRDA:823,62,0,9
BRDA:823,62,1,11
BRDA:824,63,0,6
BRDA:824,63,1,3
BRDA:834,64,0,10
BRDA:834,64,1,2
BRDA:845,65,0,1
BRDA:845,65,1,11
BRDA:850,66,0,9
BRDA:850,66,1,2
BRDA:899,67,0,44
BRDA:899,67,1,6
BRDA:903,68,0,1
BRDA:903,68,1,43
BRDA:906,69,0,0
BRDA:906,69,1,43
BRDA:909,70,0,15
BRDA:909,70,1,28
BRDA:909,71,0,43
BRDA:909,71,1,40
BRDA:912,72,0,16
BRDA:912,72,1,28
BRDA:938,73,0,8
BRDA:938,73,1,0
BRDA:941,74,0,0
BRDA:941,74,1,0
BRDA:953,75,0,2
BRDA:953,75,1,1
BRDA:965,76,0,30
BRDA:965,76,1,57
BRDA:968,77,0,13
BRDA:968,77,1,44
BRDA:971,78,0,2
BRDA:971,78,1,42
BRDA:971,79,0,44
BRDA:971,79,1,42
BRDA:974,80,0,1
BRDA:974,80,1,41
BRDA:976,81,0,3
BRDA:976,81,1,38
BRDA:978,82,0,0
BRDA:978,82,1,3
BRDA:983,83,0,1
BRDA:983,83,1,2
BRDA:997,84,0,38
BRDA:997,84,1,0
BRDA:1038,85,0,16
BRDA:1038,85,1,19
BRDA:1061,86,0,0
BRDA:1061,86,1,2
BRDA:1088,87,0,6
BRDA:1088,87,1,17
BRDA:1092,88,0,0
BRDA:1092,88,1,4
BRDA:1099,89,0,19
BRDA:1099,89,1,4
BRDA:1101,90,0,18
BRDA:1101,90,1,1
BRDA:1102,91,0,0
BRDA:1102,91,1,18
BRF:184
BRH:104
end_of_record
TN:
SF:lib/Utilities.js
FN:29,(anonymous_0)
FN:44,(anonymous_1)
FN:47,(anonymous_2)
FN:51,(anonymous_3)
FN:55,(anonymous_4)
FN:59,(anonymous_5)
FN:63,(anonymous_6)
FN:66,(anonymous_7)
FN:70,(anonymous_8)
FN:75,(anonymous_9)
FN:78,(anonymous_10)
FN:82,(anonymous_11)
FN:85,(anonymous_12)
FN:90,(anonymous_13)
FN:93,(anonymous_14)
FN:100,(anonymous_15)
FN:105,(anonymous_16)
FN:109,(anonymous_17)
FN:110,(anonymous_18)
FN:113,(anonymous_19)
FN:118,(anonymous_20)
FN:119,(anonymous_21)
FN:123,(anonymous_22)
FN:135,(anonymous_23)
FN:140,(anonymous_24)
FN:146,(anonymous_25)
FN:147,(anonymous_26)
FN:157,(anonymous_27)
FN:158,(anonymous_28)
FN:163,(anonymous_29)
FN:179,(anonymous_30)
FN:185,(anonymous_31)
FN:216,(anonymous_32)
FN:220,(anonymous_33)
FN:224,(anonymous_34)
FN:228,(anonymous_35)
FN:233,(anonymous_36)
FN:237,(anonymous_37)
FN:241,(anonymous_38)
FN:245,(anonymous_39)
FN:254,(anonymous_40)
FN:258,(anonymous_41)
FN:262,(anonymous_42)
FN:266,(anonymous_43)
FN:270,(anonymous_44)
FN:276,(anonymous_45)
FN:280,(anonymous_46)
FN:288,(anonymous_47)
FN:293,(anonymous_48)
FN:301,(anonymous_49)
FN:313,createHook
FN:315,(anonymous_51)
FN:318,(anonymous_52)
FN:328,(anonymous_53)
FN:333,(anonymous_54)
FN:337,(anonymous_55)
FN:343,(anonymous_56)
FN:347,(anonymous_57)
FN:351,(anonymous_58)
FN:359,(anonymous_59)
FN:363,(anonymous_60)
FN:367,(anonymous_61)
FN:371,(anonymous_62)
FN:377,(anonymous_63)
FN:381,(anonymous_64)
FN:384,(anonymous_65)
FN:390,(anonymous_66)
FN:396,(anonymous_67)
FN:399,(anonymous_68)
FN:402,(anonymous_69)
FN:405,(anonymous_70)
FN:408,(anonymous_71)
FN:411,(anonymous_72)
FN:414,(anonymous_73)
FN:421,(anonymous_74)
FN:424,(anonymous_75)
FN:427,(anonymous_76)
FN:430,(anonymous_77)
FN:437,(anonymous_78)
FN:440,(anonymous_79)
FNF:80
FNH:46
FNDA:51,(anonymous_0)
FNDA:37,(anonymous_1)
FNDA:0,(anonymous_2)
FNDA:0,(anonymous_3)
FNDA:0,(anonymous_4)
FNDA:8,(anonymous_5)
FNDA:0,(anonymous_6)
FNDA:11,(anonymous_7)
FNDA:9,(anonymous_8)
FNDA:2,(anonymous_9)
FNDA:9,(anonymous_10)
FNDA:2,(anonymous_11)
FNDA:0,(anonymous_12)
FNDA:3,(anonymous_13)
FNDA:16,(anonymous_14)
FNDA:0,(anonymous_15)
FNDA:3,(anonymous_16)
FNDA:0,(anonymous_17)
FNDA:0,(anonymous_18)
FNDA:7,(anonymous_19)
FNDA:19,(anonymous_20)
FNDA:19,(anonymous_21)
FNDA:0,(anonymous_22)
FNDA:12,(anonymous_23)
FNDA:34,(anonymous_24)
FNDA:1,(anonymous_25)
FNDA:2,(anonymous_26)
FNDA:0,(anonymous_27)
FNDA:0,(anonymous_28)
FNDA:0,(anonymous_29)
FNDA:4,(anonymous_30)
FNDA:1,(anonymous_31)
FNDA:0,(anonymous_32)
FNDA:0,(anonymous_33)
FNDA:0,(anonymous_34)
FNDA:2,(anonymous_35)
FNDA:39,(anonymous_36)
FNDA:8,(anonymous_37)
FNDA:0,(anonymous_38)
FNDA:7,(anonymous_39)
FNDA:0,(anonymous_40)
FNDA:27,(anonymous_41)
FNDA:0,(anonymous_42)
FNDA:0,(anonymous_43)
FNDA:0,(anonymous_44)
FNDA:0,(anonymous_45)
FNDA:0,(anonymous_46)
FNDA:0,(anonymous_47)
FNDA:0,(anonymous_48)
FNDA:0,(anonymous_49)
FNDA:2,createHook
FNDA:2,(anonymous_51)
FNDA:1,(anonymous_52)
FNDA:24,(anonymous_53)
FNDA:1,(anonymous_54)
FNDA:1,(anonymous_55)
FNDA:0,(anonymous_56)
FNDA:6,(anonymous_57)
FNDA:0,(anonymous_58)
FNDA:22,(anonymous_59)
FNDA:0,(anonymous_60)
FNDA:3,(anonymous_61)
FNDA:1,(anonymous_62)
FNDA:62,(anonymous_63)
FNDA:1,(anonymous_64)
FNDA:2,(anonymous_65)
FNDA:0,(anonymous_66)
FNDA:0,(anonymous_67)
FNDA:42,(anonymous_68)
FNDA:27,(anonymous_69)
FNDA:14,(anonymous_70)
FNDA:0,(anonymous_71)
FNDA:1,(anonymous_72)
FNDA:8,(anonymous_73)
FNDA:16,(anonymous_74)
FNDA:1,(anonymous_75)
FNDA:0,(anonymous_76)
FNDA:0,(anonymous_77)
FNDA:21,(anonymous_78)
FNDA:0,(anonymous_79)
DA:6,1
DA:12,1
DA:13,1
DA:14,1
DA:17,1
DA:20,1
DA:30,51
DA:31,51
DA:32,51
DA:33,51
DA:34,51
DA:39,51
DA:40,51
DA:48,0
DA:52,0
DA:56,0
DA:60,8
DA:83,2
DA:86,0
DA:87,0
DA:91,3
DA:94,16
DA:95,16
DA:96,16
DA:101,0
DA:106,3
DA:110,0
DA:114,7
DA:119,19
DA:124,0
DA:125,0
DA:126,0
DA:127,0
DA:128,0
DA:129,0
DA:131,0
DA:136,12
DA:137,12
DA:141,34
DA:142,34
DA:143,34
DA:147,1
DA:148,2
DA:149,2
DA:150,2
DA:152,1
DA:158,0
DA:159,0
DA:164,0
DA:165,0
DA:166,0
DA:167,0
DA:169,0
DA:170,0
DA:174,0
DA:177,0
DA:181,4
DA:192,1
DA:193,0
DA:194,0
DA:197,1
DA:198,1
DA:199,1
DA:200,2
DA:201,2
DA:204,1
DA:205,1
DA:207,1
DA:208,1
DA:209,1
DA:211,1
DA:212,1
DA:213,1
DA:217,0
DA:221,0
DA:225,0
DA:230,2
DA:234,39
DA:238,8
DA:242,0
DA:246,7
DA:247,2
DA:248,1
DA:251,6
DA:255,0
DA:259,27
DA:263,0
DA:267,0
DA:271,0
DA:272,0
DA:273,0
DA:277,0
DA:281,0
DA:282,0
DA:284,0
DA:289,0
DA:290,0
DA:295,0
DA:296,0
DA:298,0
DA:302,0
DA:303,0
DA:305,0
DA:306,0
DA:308,0
DA:314,2
DA:315,2
DA:316,2
DA:317,2
DA:318,1
DA:320,1
DA:321,1
DA:329,24
DA:334,1
DA:338,1
DA:339,3
DA:343,24
DA:344,0
DA:348,6
DA:352,0
DA:353,0
DA:354,0
DA:356,0
DA:360,22
DA:364,0
DA:368,3
DA:372,1
DA:378,62
DA:382,1
DA:385,2
DA:386,6
DA:387,6
DA:391,0
DA:392,0
DA:393,0
DA:397,0
DA:400,42
DA:403,27
DA:406,14
DA:409,0
DA:412,1
DA:415,8
DA:416,8
DA:417,5
DA:419,8
DA:422,16
DA:425,1
DA:428,0
DA:431,0
DA:432,0
DA:433,0
DA:435,0
DA:438,21
DA:441,0
LF:154
LH:87
BRDA:13,0,0,1
BRDA:13,0,1,0
BRDA:110,1,0,0
BRDA:110,1,1,0
BRDA:124,2,0,0
BRDA:124,2,1,0
BRDA:124,3,0,0
BRDA:124,3,1,0
BRDA:126,4,0,0
BRDA:126,4,1,0
BRDA:128,5,0,0
BRDA:128,5,1,0
BRDA:128,6,0,0
BRDA:128,6,1,0
BRDA:140,7,0,0
BRDA:159,8,0,0
BRDA:159,8,1,0
BRDA:166,9,0,0
BRDA:166,9,1,0
BRDA:169,10,0,0
BRDA:169,10,1,0
BRDA:169,11,0,0
BRDA:169,11,1,0
BRDA:170,12,0,0
BRDA:170,12,1,0
BRDA:174,13,0,0
BRDA:174,13,1,0
BRDA:181,14,0,4
BRDA:181,14,1,4
BRDA:181,14,2,4
BRDA:181,14,3,2
BRDA:192,15,0,0
BRDA:192,15,1,1
BRDA:245,16,0,5
BRDA:246,17,0,2
BRDA:246,17,1,5
BRDA:247,18,0,1
BRDA:247,18,1,1
BRDA:281,19,0,0
BRDA:281,19,1,0
BRDA:295,20,0,0
BRDA:295,20,1,0
BRDA:298,21,0,0
BRDA:298,21,1,0
BRDA:298,21,2,0
BRDA:302,22,0,0
BRDA:302,22,1,0
BRDA:305,23,0,0
BRDA:305,23,1,0
BRDA:317,24,0,1
BRDA:317,24,1,1
BRDA:317,25,0,2
BRDA:317,25,1,2
BRF:53
BRH:15
end_of_record
TN:
SF:lib/Networking/AbstractConn.js
FN:2,(anonymous_0)
FN:6,(anonymous_1)
FN:10,(anonymous_2)
FN:14,(anonymous_3)
FN:18,(anonymous_4)
FN:22,(anonymous_5)
FN:26,(anonymous_6)
FNF:7
FNH:0
FNDA:0,(anonymous_0)
FNDA:0,(anonymous_1)
FNDA:0,(anonymous_2)
FNDA:0,(anonymous_3)
FNDA:0,(anonymous_4)
FNDA:0,(anonymous_5)
FNDA:0,(anonymous_6)
DA:3,0
DA:7,0
DA:11,0
DA:15,0
DA:19,0
DA:23,0
DA:27,0
LF:7
LH:0
BRF:0
BRH:0
end_of_record
TN:
SF:lib/Networking/WebsocketConn.js
FN:21,(anonymous_0)
FN:48,(anonymous_1)
FN:52,(anonymous_2)
FN:63,(anonymous_3)
FN:88,(anonymous_4)
FN:100,(anonymous_5)
FN:115,(anonymous_6)
FN:124,(anonymous_7)
FN:132,(anonymous_8)
FN:141,(anonymous_9)
FN:146,(anonymous_10)
FN:151,(anonymous_11)
FN:156,(anonymous_12)
FN:164,(anonymous_13)
FN:170,(anonymous_14)
FN:185,(anonymous_15)
FN:192,(anonymous_16)
FN:217,(anonymous_17)
FN:221,(anonymous_18)
FN:232,(anonymous_19)
FN:242,(anonymous_20)
FN:248,(anonymous_21)
FN:256,(anonymous_22)
FN:278,(anonymous_23)
FN:302,(anonymous_24)
FN:308,(anonymous_25)
FN:322,(anonymous_26)
FN:330,(anonymous_27)
FN:343,(anonymous_28)
FN:351,(anonymous_29)
FN:359,(anonymous_30)
FN:370,(anonymous_31)
FN:382,(anonymous_32)
FN:383,(anonymous_33)
FN:384,(anonymous_34)
FN:385,(anonymous_35)
FN:388,(anonymous_36)
FN:397,(anonymous_37)
FNF:38
FNH:26
FNDA:15,(anonymous_0)
FNDA:6,(anonymous_1)
FNDA:8,(anonymous_2)
FNDA:3,(anonymous_3)
FNDA:7,(anonymous_4)
FNDA:18,(anonymous_5)
FNDA:1,(anonymous_6)
FNDA:0,(anonymous_7)
FNDA:0,(anonymous_8)
FNDA:0,(anonymous_9)
FNDA:1,(anonymous_10)
FNDA:8,(anonymous_11)
FNDA:3,(anonymous_12)
FNDA:8,(anonymous_13)
FNDA:1,(anonymous_14)
FNDA:0,(anonymous_15)
FNDA:3,(anonymous_16)
FNDA:2,(anonymous_17)
FNDA:1,(anonymous_18)
FNDA:0,(anonymous_19)
FNDA:0,(anonymous_20)
FNDA:3,(anonymous_21)
FNDA:0,(anonymous_22)
FNDA:1,(anonymous_23)
FNDA:1,(anonymous_24)
FNDA:0,(anonymous_25)
FNDA:0,(anonymous_26)
FNDA:3,(anonymous_27)
FNDA:0,(anonymous_28)
FNDA:3,(anonymous_29)
FNDA:6,(anonymous_30)
FNDA:3,(anonymous_31)
FNDA:1,(anonymous_32)
FNDA:0,(anonymous_33)
FNDA:3,(anonymous_34)
FNDA:2,(anonymous_35)
FNDA:0,(anonymous_36)
FNDA:1,(anonymous_37)
DA:5,1
DA:7,1
DA:8,1
DA:10,1
DA:11,1
DA:12,1
DA:13,1
DA:16,1
DA:17,1
DA:22,15
DA:24,15
DA:25,15
DA:26,15
DA:27,15
DA:28,15
DA:29,15
DA:30,15
DA:31,15
DA:32,15
DA:33,15
DA:34,15
DA:37,15
DA:38,15
DA:39,15
DA:40,15
DA:43,15
DA:44,15
DA:45,15
DA:49,6
DA:55,8
DA:56,5
DA:57,5
DA:60,3
DA:64,3
DA:65,3
DA:66,3
DA:67,3
DA:69,3
DA:70,1
DA:72,3
DA:73,3
DA:75,3
DA:76,0
DA:78,3
DA:79,0
DA:81,3
DA:82,0
DA:85,3
DA:90,7
DA:91,0
DA:92,0
DA:95,7
DA:96,7
DA:102,18
DA:103,18
DA:104,3
DA:105,3
DA:107,18
DA:108,0
DA:110,18
DA:111,18
DA:118,1
DA:119,1
DA:122,0
DA:124,0
DA:125,0
DA:126,0
DA:127,0
DA:133,0
DA:135,0
DA:137,0
DA:143,0
DA:148,1
DA:153,8
DA:157,3
DA:158,0
DA:159,0
DA:160,0
DA:167,8
DA:171,1
DA:172,1
DA:174,1
DA:176,1
DA:180,1
DA:181,1
DA:186,0
DA:187,0
DA:188,0
DA:189,0
DA:193,3
DA:194,0
DA:195,0
DA:196,0
DA:199,3
DA:200,3
DA:201,3
DA:203,3
DA:204,3
DA:205,0
DA:207,3
DA:210,3
DA:211,0
DA:212,0
DA:213,0
DA:218,2
DA:222,1
DA:223,0
DA:225,1
DA:226,1
DA:228,0
DA:229,0
DA:233,0
DA:234,0
DA:235,0
DA:236,0
DA:238,0
DA:243,0
DA:244,0
DA:245,0
DA:249,3
DA:250,3
DA:251,0
DA:253,3
DA:257,0
DA:258,0
DA:261,0
DA:262,0
DA:263,0
DA:264,0
DA:266,0
DA:267,0
DA:269,0
DA:270,0
DA:273,0
DA:274,0
DA:280,1
DA:284,0
DA:285,0
DA:286,0
DA:287,0
DA:288,0
DA:292,1
DA:293,1
DA:294,1
DA:296,1
DA:297,1
DA:303,1
DA:304,0
DA:309,0
DA:310,0
DA:314,0
DA:315,0
DA:316,0
DA:319,0
DA:320,0
DA:321,0
DA:322,0
DA:323,0
DA:325,0
DA:326,0
DA:331,3
DA:332,3
DA:335,0
DA:336,0
DA:338,0
DA:339,0
DA:344,0
DA:345,0
DA:347,0
DA:348,0
DA:352,3
DA:353,3
DA:355,0
DA:360,6
DA:361,3
DA:362,3
DA:363,3
DA:364,3
DA:365,3
DA:366,3
DA:372,3
DA:373,3
DA:374,2
DA:375,2
DA:377,3
DA:378,3
DA:379,3
DA:382,3
DA:383,3
DA:384,3
DA:385,3
DA:389,0
DA:390,0
DA:392,0
DA:393,0
DA:394,0
DA:398,1
DA:399,1
DA:400,1
DA:401,1
DA:403,1
DA:404,1
DA:405,0
DA:407,1
DA:410,1
DA:411,1
DA:412,1
DA:414,0
DA:415,0
LF:209
LH:121
BRDA:7,0,0,1
BRDA:7,0,1,0
BRDA:37,1,0,15
BRDA:37,1,1,0
BRDA:37,2,0,15
BRDA:37,2,1,15
BRDA:55,3,0,5
BRDA:55,3,1,3
BRDA:69,4,0,1
BRDA:69,4,1,2
BRDA:75,5,0,0
BRDA:75,5,1,3
BRDA:75,6,0,3
BRDA:75,6,1,3
BRDA:78,7,0,0
BRDA:78,7,1,3
BRDA:81,8,0,0
BRDA:81,8,1,3
BRDA:90,9,0,0
BRDA:90,9,1,7
BRDA:91,10,0,0
BRDA:91,10,1,0
BRDA:103,11,0,3
BRDA:103,11,1,15
BRDA:107,12,0,0
BRDA:107,12,1,18
BRDA:110,13,0,18
BRDA:110,13,1,0
BRDA:118,14,0,1
BRDA:118,14,1,0
BRDA:122,15,0,0
BRDA:122,15,1,0
BRDA:133,16,0,0
BRDA:133,16,1,0
BRDA:153,17,0,8
BRDA:153,17,1,6
BRDA:157,18,0,0
BRDA:157,18,1,3
BRDA:157,19,0,3
BRDA:157,19,1,0
BRDA:176,20,0,0
BRDA:176,20,1,1
BRDA:180,21,0,1
BRDA:180,21,1,0
BRDA:193,22,0,0
BRDA:193,22,1,3
BRDA:195,23,0,0
BRDA:195,23,1,0
BRDA:200,24,0,3
BRDA:200,24,1,0
BRDA:201,25,0,0
BRDA:201,25,1,3
BRDA:204,26,0,0
BRDA:204,26,1,3
BRDA:204,27,0,3
BRDA:204,27,1,3
BRDA:204,27,2,3
BRDA:210,28,0,0
BRDA:210,28,1,3
BRDA:222,29,0,0
BRDA:222,29,1,1
BRDA:225,30,0,1
BRDA:225,30,1,0
BRDA:234,31,0,0
BRDA:234,31,1,0
BRDA:266,32,0,0
BRDA:266,32,1,0
BRDA:280,33,0,0
BRDA:280,33,1,1
BRDA:280,34,0,1
BRDA:280,34,1,1
BRDA:285,35,0,0
BRDA:285,35,1,0
BRDA:287,36,0,0
BRDA:287,36,1,0
BRDA:296,37,0,1
BRDA:296,37,1,0
BRDA:303,38,0,0
BRDA:303,38,1,1
BRDA:309,39,0,0
BRDA:309,39,1,0
BRDA:315,40,0,0
BRDA:315,40,1,0
BRDA:331,41,0,3
BRDA:331,41,1,0
BRDA:335,42,0,0
BRDA:335,42,1,0
BRDA:338,43,0,0
BRDA:338,43,1,0
BRDA:344,44,0,0
BRDA:344,44,1,0
BRDA:344,45,0,0
BRDA:344,45,1,0
BRDA:352,46,0,3
BRDA:352,46,1,0
BRDA:360,47,0,3
BRDA:360,47,1,3
BRDA:373,48,0,2
BRDA:373,48,1,1
BRDA:389,49,0,0
BRDA:389,49,1,0
BRDA:400,50,0,1
BRDA:400,50,1,0
BRDA:404,51,0,0
BRDA:404,51,1,1
BRF:105
BRH:48
end_of_record
